# this configuration file is suitable for displaying kernel log files


# example of text substitution
#regexp=\bda?emon
#replace=angel
#colours=red
#======
# example of text substitution
#regexp=(\d\d):(\d\d):(\d\d)
#replace=\1h\2m\3s
#======

# display this line in yellow and stop further processing
regexp=.*last message repeated \d+ times$
colours=yellow
count=stop
======
# this is date and hostname
#   'Jun  3 22:44:55 neutronium '
#   'Jun  3 22:44:55 neutronium-02.my-domain.io '
regexp=^... (\d| )\d \d\d:\d\d:\d\d(\s[-.\w\d]+?\s)
colours=green, green, red
count=once
======
# everything in parentheses
regexp=\(.*?\)
colours=blue
count=more
======
# everything in `'
regexp=\`.+?\'
colours=bold yellow
count=more
======
# everything in "
regexp=\".*?\"
colours=blue
======
# this is probably a pathname
regexp=\s/[a-zA-Z_/\.\-\?\d\=\&]+
colours=blue
count=more
======
# everything in <>
regexp=\<.*?\>
colours=blue
count=more
======
# name of process and pid
regexp=([\w/\.\-]+)(\[\d+?\])
colours=bold blue, bold red
count=more
======
# IPv4 or IPv4:Port
regexp=\d{1,3}\.\d{1,3}\.\d{1,3}\.\d{1,3}(:\d{1,5})?
colours=bold yellow
# timestamp
regexp=(\d{4})-(\d{2})-(\d{2})T(\d{2}):(\d{2}):(\d{2})
colours=bold yellow
======
# Email address
regexp=[a-zA-z0-9\.\-\+]+\@[\w\-\.]+
colours=green
======
# HTTP verbs
regexp=GET|POST|PUT|DELETE|PATCH|HEAD
colours=green
======
# URL
regexp=\b(?:https?://|ftp://|www\.)\S+[^\s()<>]+(?:\([\w\d]+\))?
colour=blue

====== State
# status deferred
regexp=status\=deferred|Connection refused
colours=red
-
# connect requires special attention
regexp=connect
colours=on_red
count=more
-
# Green Words
regexp=[Ee]nabled?|\b[Ss]uccess\w{0,5}\b|\b[Pp]ass\w{0,2}\b
colour=green
-
# Red Words
regexp=[Dd]isabled?|[Ee]rrors?|[Ss]topped|[Ff]alse|\b[Ff]ail\w{0,4}\b
colour=red
-
# Yellow Words
regexp=[Ww]arning
colour=yellow
